<?xml version="1.0" encoding="UTF-8"?>
<!-- Generated by org.testng.reporters.JUnitReportReporter -->
<testsuite hostname="DESKTOP-8PDR25K" failures="0" tests="2" name="helperAttribute.ThreadPoolSizeMethod" time="46.542" errors="0" timestamp="2024-04-04T08:09:41 IST" skipped="0">
  <testcase classname="helperAttribute.ThreadPoolSizeMethod" name="launch" time="18.646"/>
  <system-out/>
  <testcase classname="helperAttribute.ThreadPoolSizeMethod" name="launch" time="27.896"/>
  <system-out/>
</testsuite> <!-- helperAttribute.ThreadPoolSizeMethod -->
