<?xml version="1.0" encoding="UTF-8"?>
<!-- Generated by org.testng.reporters.JUnitReportReporter -->
<testsuite hostname="DESKTOP-8PDR25K" failures="0" tests="1" name="basic.Demo" time="0.011" errors="0" timestamp="2024-04-03T08:26:23 IST" skipped="0">
  <testcase classname="basic.Demo" name="launch" time="0.011"/>
  <system-out>
    <![CDATA[TestNG Installed]]>
  </system-out>
</testsuite> <!-- basic.Demo -->
