<?xml version="1.0" encoding="UTF-8"?>
<!-- Generated by org.testng.reporters.JUnitReportReporter -->
<testsuite hostname="TYSS-Chandana" failures="0" tests="1" name="annation.TC_01" time="7.190" errors="0" timestamp="2024-04-17T07:47:26 IST" skipped="0">
  <testcase classname="annation.TC_01" name="script" time="7.190"/>
  <system-out/>
</testsuite> <!-- annation.TC_01 -->
