<?xml version="1.0" encoding="UTF-8"?>
<!-- Generated by org.testng.reporters.JUnitReportReporter -->
<testsuite hostname="DESKTOP-8PDR25K" failures="0" tests="2" name="helperAttribute.InvocationCountMethod" time="27.626" errors="0" timestamp="2024-04-04T07:41:36 IST" skipped="0">
  <testcase classname="helperAttribute.InvocationCountMethod" name="launch" time="15.527"/>
  <system-out/>
  <testcase classname="helperAttribute.InvocationCountMethod" name="launch" time="12.099"/>
  <system-out/>
</testsuite> <!-- helperAttribute.InvocationCountMethod -->
