<?xml version="1.0" encoding="UTF-8"?>
<!-- Generated by org.testng.reporters.JUnitReportReporter -->
<testsuite hostname="TYSS-Chandana" failures="0" tests="1" name="batchExe.LaunchLoreal" time="20.106" errors="0" timestamp="2024-04-10T08:42:58 IST" skipped="0">
  <testcase classname="batchExe.LaunchLoreal" name="loreal" time="20.106"/>
  <system-out/>
</testsuite> <!-- batchExe.LaunchLoreal -->
