<?xml version="1.0" encoding="UTF-8"?>
<!-- Generated by org.testng.reporters.JUnitReportReporter -->
<testsuite hostname="DESKTOP-8PDR25K" failures="0" tests="1" name="annation.TestScript02" time="8.398" errors="0" timestamp="2024-04-06T08:20:37 IST" skipped="0">
  <testcase classname="annation.TestScript02" name="computer" time="8.398"/>
  <system-out/>
</testsuite> <!-- annation.TestScript02 -->
