<?xml version="1.0" encoding="UTF-8"?>
<!-- Generated by org.testng.reporters.JUnitReportReporter -->
<testsuite hostname="DESKTOP-8PDR25K" failures="0" tests="1" name="batchExe.LaunchSugar" time="32.314" errors="0" timestamp="2024-04-08T08:02:34 IST" skipped="0">
  <testcase classname="batchExe.LaunchSugar" name="sugar" time="32.314"/>
  <system-out/>
</testsuite> <!-- batchExe.LaunchSugar -->
