<?xml version="1.0" encoding="UTF-8"?>
<!-- Generated by org.testng.reporters.JUnitReportReporter -->
<testsuite hostname="DESKTOP-8PDR25K" failures="0" tests="1" name="annation.TestScript01" time="9.166" errors="0" timestamp="2024-04-06T08:10:22 IST" skipped="0">
  <testcase classname="annation.TestScript01" name="books" time="9.166"/>
  <system-out/>
</testsuite> <!-- annation.TestScript01 -->
