<?xml version="1.0" encoding="UTF-8"?>
<!-- Generated by org.testng.reporters.JUnitReportReporter -->
<testsuite hostname="TYSS-Chandana" failures="0" tests="5" name="externalFile.LearningDataProvider" time="36.121" errors="0" timestamp="2024-04-16T07:50:04 IST" skipped="0">
  <testcase classname="externalFile.LearningDataProvider" name="register" time="6.206"/>
  <system-out/>
  <testcase classname="externalFile.LearningDataProvider" name="register" time="6.332"/>
  <system-out/>
  <testcase classname="externalFile.LearningDataProvider" name="register" time="6.489"/>
  <system-out/>
  <testcase classname="externalFile.LearningDataProvider" name="register" time="6.907"/>
  <system-out/>
  <testcase classname="externalFile.LearningDataProvider" name="register" time="10.187"/>
  <system-out/>
</testsuite> <!-- externalFile.LearningDataProvider -->
