<?xml version="1.0" encoding="UTF-8"?>
<!-- Generated by org.testng.reporters.JUnitReportReporter -->
<testsuite hostname="TYSS-Chandana" failures="0" tests="1" name="batchExe.LaunchKfc" time="9.844" errors="0" timestamp="2024-04-10T08:42:58 IST" skipped="0">
  <testcase classname="batchExe.LaunchKfc" name="kfc" time="9.844"/>
  <system-out/>
</testsuite> <!-- batchExe.LaunchKfc -->
