<?xml version="1.0" encoding="UTF-8"?>
<!-- Generated by org.testng.reporters.JUnitReportReporter -->
<testsuite hostname="DESKTOP-8PDR25K" failures="0" tests="3" name="helperAttribute.PriorityMethod" time="0.021" errors="0" timestamp="2024-04-04T07:31:45 IST" skipped="0">
  <testcase classname="helperAttribute.PriorityMethod" name="register" time="0.014"/>
  <system-out>
    <![CDATA[user has register]]>
  </system-out>
  <testcase classname="helperAttribute.PriorityMethod" name="login" time="0.002"/>
  <system-out>
    <![CDATA[user has login ]]>
  </system-out>
  <testcase classname="helperAttribute.PriorityMethod" name="addCart" time="0.005"/>
  <system-out>
    <![CDATA[user has added a product to cart]]>
  </system-out>
</testsuite> <!-- helperAttribute.PriorityMethod -->
