<?xml version="1.0" encoding="UTF-8"?>
<!-- Generated by org.testng.reporters.JUnitReportReporter -->
<testsuite hostname="TYSS-Chandana" failures="0" tests="1" name="annation.TestScript01" time="9.830" errors="0" timestamp="2024-04-08T12:34:20 IST" skipped="0">
  <testcase classname="annation.TestScript01" name="books" time="9.830"/>
  <system-out/>
</testsuite> <!-- annation.TestScript01 -->
