<?xml version="1.0" encoding="UTF-8"?>
<!-- Generated by org.testng.reporters.JUnitReportReporter -->
<testsuite hostname="DESKTOP-8PDR25K" failures="0" tests="1" name="helperAttribute.EnabledMethod" time="9.796" errors="0" timestamp="2024-04-04T08:34:30 IST" skipped="0">
  <testcase classname="helperAttribute.EnabledMethod" name="launch" time="9.796"/>
  <system-out/>
</testsuite> <!-- helperAttribute.EnabledMethod -->
