<?xml version="1.0" encoding="UTF-8"?>
<!-- Generated by org.testng.reporters.JUnitReportReporter -->
<testsuite hostname="TYSS-Chandana" failures="0" tests="1" name="annation.TC_02" time="19.647" errors="0" timestamp="2024-04-18T07:39:53 IST" skipped="0">
  <testcase classname="annation.TC_02" name="demo" time="19.647"/>
  <system-out/>
</testsuite> <!-- annation.TC_02 -->
