<?xml version="1.0" encoding="UTF-8"?>
<!-- Generated by org.testng.reporters.JUnitReportReporter -->
<testsuite hostname="DESKTOP-8PDR25K" failures="0" tests="1" name="batchExe.LaunchLoreal" time="13.073" errors="0" timestamp="2024-04-08T08:02:34 IST" skipped="0">
  <testcase classname="batchExe.LaunchLoreal" name="loreal" time="13.073"/>
  <system-out/>
</testsuite> <!-- batchExe.LaunchLoreal -->
