<?xml version="1.0" encoding="UTF-8"?>
<!-- Generated by org.testng.reporters.JUnitReportReporter -->
<testsuite hostname="DESKTOP-8PDR25K" failures="0" tests="1" name="annation.BaseClass" time="0.011" errors="0" timestamp="2024-04-06T07:25:47 IST" skipped="0">
  <testcase classname="annation.BaseClass" name="homePage" time="0.011"/>
  <system-out>
    <![CDATA[enter the value in search textbox]]>
  </system-out>
</testsuite> <!-- annation.BaseClass -->
