<?xml version="1.0" encoding="UTF-8"?>
<!-- Generated by org.testng.reporters.JUnitReportReporter -->
<testsuite hostname="DESKTOP-8PDR25K" failures="0" tests="1" name="helperAttribute.TimeOut" time="17.650" errors="0" timestamp="2024-04-05T08:48:32 IST" skipped="0">
  <testcase classname="helperAttribute.TimeOut" name="launch" time="17.650"/>
  <system-out/>
</testsuite> <!-- helperAttribute.TimeOut -->
